This is XeTeX, Version 3.14159265-2.6-0.99999 (TeX Live 2018) (preloaded format=xelatex 2019.1.14)  18 OCT 2019 02:11
entering extended mode
 restricted \write18 enabled.
 %&-line parsing enabled.
**R-SocioEcon-dt.tex
(./R-SocioEcon-dt.tex
LaTeX2e <2018-04-01> patch level 2
Babel <3.18> and hyphenation patterns for 84 language(s) loaded.
(./tufte-book.cls
Document Class: tufte-book 2009/12/11 v3.5.0 Tufte-book class
(./tufte-common.def
File: tufte-common.def 2009/12/11 v3.5.0 Common code for the Tufte-LaTeX styles

(/usr/local/texlive/2018/texmf-dist/tex/latex/xkeyval/xkeyval.sty
Package: xkeyval 2014/12/03 v2.7a package option processing (HA)
(/usr/local/texlive/2018/texmf-dist/tex/generic/xkeyval/xkeyval.tex (/usr/local
/texlive/2018/texmf-dist/tex/generic/xkeyval/xkvutils.tex
\XKV@toks=\toks14
\XKV@tempa@toks=\toks15
(/usr/local/texlive/2018/texmf-dist/tex/generic/xkeyval/keyval.tex))
\XKV@depth=\count80
File: xkeyval.tex 2014/12/03 v2.7a key=value parser (HA)
)) (/usr/local/texlive/2018/texmf-dist/tex/latex/xifthen/xifthen.sty
Package: xifthen 2015/11/05 v1.4.0 Extended ifthen features
(/usr/local/texlive/2018/texmf-dist/tex/latex/tools/calc.sty
Package: calc 2017/05/25 v4.3 Infix arithmetic (KKT,FJ)
\calc@Acount=\count81
\calc@Bcount=\count82
\calc@Adimen=\dimen102
\calc@Bdimen=\dimen103
\calc@Askip=\skip41
\calc@Bskip=\skip42
LaTeX Info: Redefining \setlength on input line 80.
LaTeX Info: Redefining \addtolength on input line 81.
\calc@Ccount=\count83
\calc@Cskip=\skip43
) (/usr/local/texlive/2018/texmf-dist/tex/latex/base/ifthen.sty
Package: ifthen 2014/09/29 v1.1c Standard LaTeX ifthen package (DPC)
) (/usr/local/texlive/2018/texmf-dist/tex/latex/ifmtarg/ifmtarg.sty
Package: ifmtarg 2009/09/02 v1.2a check for an empty argument
))
Class tufte-book Info: Loading the base class `book'.
(/usr/local/texlive/2018/texmf-dist/tex/latex/base/book.cls
Document Class: book 2014/09/29 v1.4h Standard LaTeX document class
(/usr/local/texlive/2018/texmf-dist/tex/latex/base/bk10.clo
File: bk10.clo 2014/09/29 v1.4h Standard LaTeX file (size option)
)
\c@part=\count84
\c@chapter=\count85
\c@section=\count86
\c@subsection=\count87
\c@subsubsection=\count88
\c@paragraph=\count89
\c@subparagraph=\count90
\c@figure=\count91
\c@table=\count92
\abovecaptionskip=\skip44
\belowcaptionskip=\skip45
\bibindent=\dimen104
) (/usr/local/texlive/2018/texmf-dist/tex/generic/oberdiek/ifpdf.sty
Package: ifpdf 2017/03/15 v3.2 Provides the ifpdf switch
) (/usr/local/texlive/2018/texmf-dist/tex/generic/ifxetex/ifxetex.sty
Package: ifxetex 2010/09/12 v0.6 Provides ifxetex conditional
) (/usr/local/texlive/2018/texmf-dist/tex/latex/titlesec/titlesec.sty
Package: titlesec 2016/03/21 v2.10.2 Sectioning titles
\ttl@box=\box26
\beforetitleunit=\skip46
\aftertitleunit=\skip47
\ttl@plus=\dimen105
\ttl@minus=\dimen106
\ttl@toksa=\toks16
\titlewidth=\dimen107
\titlewidthlast=\dimen108
\titlewidthfirst=\dimen109
) (/usr/local/texlive/2018/texmf-dist/tex/latex/titlesec/titletoc.sty
Package: titletoc 2011/12/15 v1.6 TOC entries
\ttl@leftsep=\dimen110
) (/usr/local/texlive/2018/texmf-dist/tex/latex/hyperref/hyperref.sty
Package: hyperref 2018/02/06 v6.86b Hypertext links for LaTeX
(/usr/local/texlive/2018/texmf-dist/tex/generic/oberdiek/hobsub-hyperref.sty
Package: hobsub-hyperref 2016/05/16 v1.14 Bundle oberdiek, subset hyperref (HO)

(/usr/local/texlive/2018/texmf-dist/tex/generic/oberdiek/hobsub-generic.sty
Package: hobsub-generic 2016/05/16 v1.14 Bundle oberdiek, subset generic (HO)
Package: hobsub 2016/05/16 v1.14 Construct package bundles (HO)
Package: infwarerr 2016/05/16 v1.4 Providing info/warning/error messages (HO)
Package: ltxcmds 2016/05/16 v1.23 LaTeX kernel commands for general use (HO)
Package: ifluatex 2016/05/16 v1.4 Provides the ifluatex switch (HO)
Package ifluatex Info: LuaTeX not detected.
Package: ifvtex 2016/05/16 v1.6 Detect VTeX and its facilities (HO)
Package ifvtex Info: VTeX not detected.
Package: intcalc 2016/05/16 v1.2 Expandable calculations with integers (HO)
Package hobsub Info: Skipping package `ifpdf' (already loaded).
Package: etexcmds 2016/05/16 v1.6 Avoid name clashes with e-TeX commands (HO)
Package etexcmds Info: Could not find \expanded.
(etexcmds)             That can mean that you are not using pdfTeX 1.50 or
(etexcmds)             that some package has redefined \expanded.
(etexcmds)             In the latter case, load this package earlier.
Package: kvsetkeys 2016/05/16 v1.17 Key value parser (HO)
Package: kvdefinekeys 2016/05/16 v1.4 Define keys (HO)
Package: pdftexcmds 2018/01/30 v0.27 Utility functions of pdfTeX for LuaTeX (HO
)
Package pdftexcmds Info: LuaTeX not detected.
Package pdftexcmds Info: pdfTeX >= 1.30 not detected.
Package pdftexcmds Info: \pdf@primitive is available.
Package pdftexcmds Info: \pdf@ifprimitive is available.
Package pdftexcmds Info: \pdfdraftmode not found.
Package: pdfescape 2016/05/16 v1.14 Implements pdfTeX's escape features (HO)
Package: bigintcalc 2016/05/16 v1.4 Expandable calculations on big integers (HO
)
Package: bitset 2016/05/16 v1.2 Handle bit-vector datatype (HO)
Package: uniquecounter 2016/05/16 v1.3 Provide unlimited unique counter (HO)
)
Package hobsub Info: Skipping package `hobsub' (already loaded).
Package: letltxmacro 2016/05/16 v1.5 Let assignment for LaTeX macros (HO)
Package: hopatch 2016/05/16 v1.3 Wrapper for package hooks (HO)
Package: xcolor-patch 2016/05/16 xcolor patch
Package: atveryend 2016/05/16 v1.9 Hooks at the very end of document (HO)
Package atveryend Info: \enddocument detected (standard20110627).
Package: atbegshi 2016/06/09 v1.18 At begin shipout hook (HO)
Package: refcount 2016/05/16 v3.5 Data extraction from label references (HO)
Package: hycolor 2016/05/16 v1.8 Color options for hyperref/bookmark (HO)
) (/usr/local/texlive/2018/texmf-dist/tex/latex/oberdiek/auxhook.sty
Package: auxhook 2016/05/16 v1.4 Hooks for auxiliary files (HO)
) (/usr/local/texlive/2018/texmf-dist/tex/latex/oberdiek/kvoptions.sty
Package: kvoptions 2016/05/16 v3.12 Key value format for package options (HO)
)
\@linkdim=\dimen111
\Hy@linkcounter=\count93
\Hy@pagecounter=\count94
(/usr/local/texlive/2018/texmf-dist/tex/latex/hyperref/pd1enc.def
File: pd1enc.def 2018/02/06 v6.86b Hyperref: PDFDocEncoding definition (HO)
)
\Hy@SavedSpaceFactor=\count95
(/usr/local/texlive/2018/texmf-dist/tex/latex/latexconfig/hyperref.cfg
File: hyperref.cfg 2002/06/06 v1.2 hyperref configuration of TeXLive
)
Package hyperref Info: Option `unicode' set `true' on input line 4383.
(/usr/local/texlive/2018/texmf-dist/tex/latex/hyperref/puenc.def
File: puenc.def 2018/02/06 v6.86b Hyperref: PDF Unicode definition (HO)
)
Package hyperref Info: Option `hyperfootnotes' set `false' on input line 4383.
Package hyperref Info: Hyper figures OFF on input line 4509.
Package hyperref Info: Link nesting OFF on input line 4514.
Package hyperref Info: Hyper index ON on input line 4517.
Package hyperref Info: Plain pages OFF on input line 4524.
Package hyperref Info: Backreferencing OFF on input line 4529.
Package hyperref Info: Implicit mode ON; LaTeX internals redefined.
Package hyperref Info: Bookmarks ON on input line 4762.
\c@Hy@tempcnt=\count96
(/usr/local/texlive/2018/texmf-dist/tex/latex/url/url.sty
\Urlmuskip=\muskip10
Package: url 2013/09/16  ver 3.4  Verb mode for urls, etc.
)
LaTeX Info: Redefining \url on input line 5115.
\XeTeXLinkMargin=\dimen112
\Fld@menulength=\count97
\Field@Width=\dimen113
\Fld@charsize=\dimen114
Package hyperref Info: Hyper figures OFF on input line 6369.
Package hyperref Info: Link nesting OFF on input line 6374.
Package hyperref Info: Hyper index ON on input line 6377.
Package hyperref Info: backreferencing OFF on input line 6384.
Package hyperref Info: Link coloring OFF on input line 6389.
Package hyperref Info: Link coloring with OCG OFF on input line 6394.
Package hyperref Info: PDF/A mode OFF on input line 6399.
LaTeX Info: Redefining \ref on input line 6439.
LaTeX Info: Redefining \pageref on input line 6443.
\Hy@abspage=\count98
\c@Item=\count99
)
Package hyperref Info: Driver: hxetex.
(/usr/local/texlive/2018/texmf-dist/tex/latex/hyperref/hxetex.def
File: hxetex.def 2018/02/06 v6.86b Hyperref driver for XeTeX
(/usr/local/texlive/2018/texmf-dist/tex/generic/oberdiek/stringenc.sty
Package: stringenc 2016/05/16 v1.11 Convert strings between diff. encodings (HO
)
)
\pdfm@box=\box27
\c@Hy@AnnotLevel=\count100
\HyField@AnnotCount=\count101
\Fld@listcount=\count102
\c@bookmark@seq@number=\count103
(/usr/local/texlive/2018/texmf-dist/tex/latex/oberdiek/rerunfilecheck.sty
Package: rerunfilecheck 2016/05/16 v1.8 Rerun checks for auxiliary files (HO)
Package uniquecounter Info: New unique counter `rerunfilecheck' on input line 2
82.
)
\Hy@SectionHShift=\skip48
)

Package hyperref Warning: Option `pagecolor' is not available anymore.

(/usr/local/texlive/2018/texmf-dist/tex/latex/ms/ragged2e.sty
Package: ragged2e 2009/05/21 v2.1 ragged2e Package (MS)
(/usr/local/texlive/2018/texmf-dist/tex/latex/ms/everysel.sty
Package: everysel 2011/10/28 v1.2 EverySelectfont Package (MS)
)
\CenteringLeftskip=\skip49
\RaggedLeftLeftskip=\skip50
\RaggedRightLeftskip=\skip51
\CenteringRightskip=\skip52
\RaggedLeftRightskip=\skip53
\RaggedRightRightskip=\skip54
\CenteringParfillskip=\skip55
\RaggedLeftParfillskip=\skip56
\RaggedRightParfillskip=\skip57
\JustifyingParfillskip=\skip58
\CenteringParindent=\skip59
\RaggedLeftParindent=\skip60
\RaggedRightParindent=\skip61
\JustifyingParindent=\skip62
) (/usr/local/texlive/2018/texmf-dist/tex/latex/geometry/geometry.sty
Package: geometry 2018/03/24 v5.7 Page Geometry
\Gm@cnth=\count104
\Gm@cntv=\count105
\c@Gm@tempcnt=\count106
\Gm@bindingoffset=\dimen115
\Gm@wd@mp=\dimen116
\Gm@odd@mp=\dimen117
\Gm@even@mp=\dimen118
\Gm@layoutwidth=\dimen119
\Gm@layoutheight=\dimen120
\Gm@layouthoffset=\dimen121
\Gm@layoutvoffset=\dimen122
\Gm@dimlist=\toks17
) (/usr/local/texlive/2018/texmf-dist/tex/latex/changepage/changepage.sty
Package: changepage 2009/10/20 v1.0c check page and change page layout
\c@cp@cntr=\count107
\cp@tempcnt=\count108
)
\@tufte@overhang=\skip63
\@tufte@fullwidth=\skip64
\@tufte@caption@fill=\skip65
(/usr/local/texlive/2018/texmf-dist/tex/latex/paralist/paralist.sty
Package: paralist 2017/01/22 v2.7 Extended list environments
\pltopsep=\skip66
\plpartopsep=\skip67
\plitemsep=\skip68
\plparsep=\skip69
\pl@lab=\toks18
) (/usr/local/texlive/2018/texmf-dist/tex/latex/textcase/textcase.sty
Package: textcase 2004/10/07 v0.07 Text only upper/lower case changing (DPC)
) (/usr/local/texlive/2018/texmf-dist/tex/latex/soul/soul.sty
Package: soul 2003/11/17 v2.4 letterspacing/underlining (mf)
\SOUL@word=\toks19
\SOUL@lasttoken=\toks20
\SOUL@cmds=\toks21
\SOUL@buffer=\toks22
\SOUL@token=\toks23
\SOUL@spaceskip=\skip70
\SOUL@ttwidth=\dimen123
\SOUL@uldp=\dimen124
\SOUL@ulht=\dimen125
)
LaTeX Info: Redefining \allcapsspacing on input line 697.
LaTeX Info: Redefining \smallcapsspacing on input line 697.
(/usr/local/texlive/2018/texmf-dist/tex/latex/setspace/setspace.sty
Package: setspace 2011/12/19 v6.7a set line spacing
) (/usr/local/texlive/2018/texmf-dist/tex/latex/natbib/natbib.sty
Package: natbib 2010/09/13 8.31b (PWD, AO)
\bibhang=\skip71
\bibsep=\skip72
LaTeX Info: Redefining \cite on input line 694.
\c@NAT@ctr=\count109
) (/usr/local/texlive/2018/texmf-dist/tex/latex/natbib/bibentry.sty
Package: bibentry 2007/10/30 1.5 (PWD)
) (./R-SocioEcon-dt.bbl)
\c@@tufte@num@bibkeys=\count110
(/usr/local/texlive/2018/texmf-dist/tex/latex/sauerj/optparams.sty
Package: optparams 2004/08/14 v0.9 multiple optional parameters in macros
)
\@tufte@sidenote@vertical@offset=\skip73
(/usr/local/texlive/2018/texmf-dist/tex/latex/placeins/placeins.sty
Package: placeins 2005/04/18  v 2.2
)
\@tufte@margin@floatbox=\box28
\@tufte@figure@box=\box29
\@tufte@caption@box=\box30
\@tufte@caption@vertical@offset=\skip74
\@tufte@float@contents@width=\skip75
(/usr/local/texlive/2018/texmf-dist/tex/latex/fancyhdr/fancyhdr.sty
Package: fancyhdr 2017/06/30 v3.9a Extensive control of page headers and footer
s
\f@nch@headwidth=\skip76
\f@nch@O@elh=\skip77
\f@nch@O@erh=\skip78
\f@nch@O@olh=\skip79
\f@nch@O@orh=\skip80
\f@nch@O@elf=\skip81
\f@nch@O@erf=\skip82
\f@nch@O@olf=\skip83
\f@nch@O@orf=\skip84
) (/usr/local/texlive/2018/texmf-dist/tex/latex/xcolor/xcolor.sty
Package: xcolor 2016/05/11 v2.12 LaTeX color extensions (UK)
(/usr/local/texlive/2018/texmf-dist/tex/latex/graphics-cfg/color.cfg
File: color.cfg 2016/01/02 v1.6 sample color configuration
)
Package xcolor Info: Package option `usenames' ignored on input line 216.
Package xcolor Info: Driver file: xetex.def on input line 225.
(/usr/local/texlive/2018/texmf-dist/tex/latex/graphics-def/xetex.def
File: xetex.def 2017/06/24 v5.0h Graphics/color driver for xetex
)
Package xcolor Info: Model `cmy' substituted by `cmy0' on input line 1348.
Package xcolor Info: Model `RGB' extended on input line 1364.
Package xcolor Info: Model `HTML' substituted by `rgb' on input line 1366.
Package xcolor Info: Model `Hsb' substituted by `hsb' on input line 1367.
Package xcolor Info: Model `tHsb' substituted by `hsb' on input line 1368.
Package xcolor Info: Model `HSB' substituted by `hsb' on input line 1369.
Package xcolor Info: Model `Gray' substituted by `gray' on input line 1370.
Package xcolor Info: Model `wave' substituted by `hsb' on input line 1371.
(/usr/local/texlive/2018/texmf-dist/tex/latex/graphics/dvipsnam.def
File: dvipsnam.def 2016/06/17 v3.0m Driver-dependent file (DPC,SPQR)
) (/usr/local/texlive/2018/texmf-dist/tex/latex/xcolor/svgnam.def
File: svgnam.def 2016/05/11 v2.12 Predefined colors according to SVG 1.1 (UK)
))
\langwohyphens=\language84
(/usr/local/texlive/2018/texmf-dist/tex/latex/tools/multicol.sty
Package: multicol 2018/04/01 v1.8r multicolumn formatting (FMi)
\c@tracingmulticols=\count111
\mult@box=\box31
\multicol@leftmargin=\dimen126
\c@unbalance=\count112
\c@collectmore=\count113
\doublecol@number=\count114
\multicoltolerance=\count115
\multicolpretolerance=\count116
\full@width=\dimen127
\page@free=\dimen128
\premulticols=\dimen129
\postmulticols=\dimen130
\multicolsep=\skip85
\multicolbaselineskip=\skip86
\partial@page=\box32
\last@line=\box33
\maxbalancingoverflow=\dimen131
\mult@rightbox=\box34
\mult@grightbox=\box35
\mult@gfirstbox=\box36
\mult@firstbox=\box37
\@tempa=\box38
\@tempa=\box39
\@tempa=\box40
\@tempa=\box41
\@tempa=\box42
\@tempa=\box43
\@tempa=\box44
\@tempa=\box45
\@tempa=\box46
\@tempa=\box47
\@tempa=\box48
\@tempa=\box49
\@tempa=\box50
\@tempa=\box51
\@tempa=\box52
\@tempa=\box53
\@tempa=\box54
\c@columnbadness=\count117
\c@finalcolumnbadness=\count118
\last@try=\dimen132
\multicolovershoot=\dimen133
\multicolundershoot=\dimen134
\mult@nat@firstbox=\box55
\colbreak@box=\box56
\mc@col@check@num=\count119
))) (/usr/local/texlive/2018/texmf-dist/tex/latex/amsfonts/amssymb.sty
Package: amssymb 2013/01/14 v3.01 AMS font symbols
(/usr/local/texlive/2018/texmf-dist/tex/latex/amsfonts/amsfonts.sty
Package: amsfonts 2013/01/14 v3.01 Basic AMSFonts support
\@emptytoks=\toks24
\symAMSa=\mathgroup4
\symAMSb=\mathgroup5
LaTeX Font Info:    Overwriting math alphabet `\mathfrak' in version `bold'
(Font)                  U/euf/m/n --> U/euf/b/n on input line 106.
)) (/usr/local/texlive/2018/texmf-dist/tex/latex/amsmath/amsmath.sty
Package: amsmath 2017/09/02 v2.17a AMS math features
\@mathmargin=\skip87
For additional information on amsmath, use the `?' option.
(/usr/local/texlive/2018/texmf-dist/tex/latex/amsmath/amstext.sty
Package: amstext 2000/06/29 v2.01 AMS text
(/usr/local/texlive/2018/texmf-dist/tex/latex/amsmath/amsgen.sty
File: amsgen.sty 1999/11/30 v2.0 generic functions
\@emptytoks=\toks25
\ex@=\dimen135
)) (/usr/local/texlive/2018/texmf-dist/tex/latex/amsmath/amsbsy.sty
Package: amsbsy 1999/11/29 v1.2d Bold Symbols
\pmbraise@=\dimen136
) (/usr/local/texlive/2018/texmf-dist/tex/latex/amsmath/amsopn.sty
Package: amsopn 2016/03/08 v2.02 operator names
)
\inf@bad=\count120
LaTeX Info: Redefining \frac on input line 213.
\uproot@=\count121
\leftroot@=\count122
LaTeX Info: Redefining \overline on input line 375.
\classnum@=\count123
\DOTSCASE@=\count124
LaTeX Info: Redefining \ldots on input line 472.
LaTeX Info: Redefining \dots on input line 475.
LaTeX Info: Redefining \cdots on input line 596.
\Mathstrutbox@=\box57
\strutbox@=\box58
\big@size=\dimen137
LaTeX Font Info:    Redeclaring font encoding OML on input line 712.
LaTeX Font Info:    Redeclaring font encoding OMS on input line 713.
\macc@depth=\count125
\c@MaxMatrixCols=\count126
\dotsspace@=\muskip11
\c@parentequation=\count127
\dspbrk@lvl=\count128
\tag@help=\toks26
\row@=\count129
\column@=\count130
\maxfields@=\count131
\andhelp@=\toks27
\eqnshift@=\dimen138
\alignsep@=\dimen139
\tagshift@=\dimen140
\tagwidth@=\dimen141
\totwidth@=\dimen142
\lineht@=\dimen143
\@envbody=\toks28
\multlinegap=\skip88
\multlinetaggap=\skip89
\mathdisplay@stack=\toks29
LaTeX Info: Redefining \[ on input line 2817.
LaTeX Info: Redefining \] on input line 2818.
) (/usr/local/texlive/2018/texmf-dist/tex/latex/base/fixltx2e.sty
Package: fixltx2e 2016/12/29 v2.1a fixes to LaTeX (obsolete)
Applying: [2015/01/01] Old fixltx2e package on input line 46.

Package fixltx2e Warning: fixltx2e is not required with releases after 2015
(fixltx2e)                All fixes are now in the LaTeX kernel.
(fixltx2e)                See the latexrelease package for details.

Already applied: [0000/00/00] Old fixltx2e package on input line 53.
) (/usr/local/texlive/2018/texmf-dist/tex/latex/fontspec/fontspec.sty (/usr/loc
al/texlive/2018/texmf-dist/tex/latex/l3packages/xparse/xparse.sty (/usr/local/t
exlive/2018/texmf-dist/tex/latex/l3kernel/expl3.sty
Package: expl3 2018/03/05 L3 programming layer (loader) 
(/usr/local/texlive/2018/texmf-dist/tex/latex/l3kernel/expl3-code.tex
Package: expl3 2018/03/05 L3 programming layer (code)
\c_max_int=\count132
\l_tmpa_int=\count133
\l_tmpb_int=\count134
\g_tmpa_int=\count135
\g_tmpb_int=\count136
\g__intarray_font_int=\count137
\g__prg_map_int=\count138
\c_log_iow=\count139
\l_iow_line_count_int=\count140
\l__iow_line_target_int=\count141
\l__iow_one_indent_int=\count142
\l__iow_indent_int=\count143
\c_zero_dim=\dimen144
\c_max_dim=\dimen145
\l_tmpa_dim=\dimen146
\l_tmpb_dim=\dimen147
\g_tmpa_dim=\dimen148
\g_tmpb_dim=\dimen149
\c_zero_skip=\skip90
\c_max_skip=\skip91
\l_tmpa_skip=\skip92
\l_tmpb_skip=\skip93
\g_tmpa_skip=\skip94
\g_tmpb_skip=\skip95
\c_zero_muskip=\muskip12
\c_max_muskip=\muskip13
\l_tmpa_muskip=\muskip14
\l_tmpb_muskip=\muskip15
\g_tmpa_muskip=\muskip16
\g_tmpb_muskip=\muskip17
\l_keys_choice_int=\count144
\c__fp_leading_shift_int=\count145
\c__fp_middle_shift_int=\count146
\c__fp_trailing_shift_int=\count147
\c__fp_big_leading_shift_int=\count148
\c__fp_big_middle_shift_int=\count149
\c__fp_big_trailing_shift_int=\count150
\c__fp_Bigg_leading_shift_int=\count151
\c__fp_Bigg_middle_shift_int=\count152
\c__fp_Bigg_trailing_shift_int=\count153
\l__sort_length_int=\count154
\l__sort_min_int=\count155
\l__sort_top_int=\count156
\l__sort_max_int=\count157
\l__sort_true_max_int=\count158
\l__sort_block_int=\count159
\l__sort_begin_int=\count160
\l__sort_end_int=\count161
\l__sort_A_int=\count162
\l__sort_B_int=\count163
\l__sort_C_int=\count164
\l__tl_build_start_index_int=\count165
\l__tl_build_index_int=\count166
\l__tl_analysis_normal_int=\count167
\l__tl_analysis_index_int=\count168
\l__tl_analysis_nesting_int=\count169
\l__tl_analysis_type_int=\count170
\l__regex_internal_a_int=\count171
\l__regex_internal_b_int=\count172
\l__regex_internal_c_int=\count173
\l__regex_balance_int=\count174
\l__regex_group_level_int=\count175
\l__regex_mode_int=\count176
\c__regex_cs_in_class_mode_int=\count177
\c__regex_cs_mode_int=\count178
\l__regex_catcodes_int=\count179
\l__regex_default_catcodes_int=\count180
\c__regex_catcode_L_int=\count181
\c__regex_catcode_O_int=\count182
\c__regex_catcode_A_int=\count183
\c__regex_all_catcodes_int=\count184
\l__regex_show_lines_int=\count185
\l__regex_min_state_int=\count186
\l__regex_max_state_int=\count187
\l__regex_left_state_int=\count188
\l__regex_right_state_int=\count189
\l__regex_capturing_group_int=\count190
\l__regex_min_pos_int=\count191
\l__regex_max_pos_int=\count192
\l__regex_curr_pos_int=\count193
\l__regex_start_pos_int=\count194
\l__regex_success_pos_int=\count195
\l__regex_curr_char_int=\count196
\l__regex_curr_catcode_int=\count197
\l__regex_last_char_int=\count198
\l__regex_case_changed_char_int=\count199
\l__regex_curr_state_int=\count266
\l__regex_step_int=\count267
\l__regex_min_active_int=\count268
\l__regex_max_active_int=\count269
\l__regex_replacement_csnames_int=\count270
\l__regex_match_count_int=\count271
\l__regex_min_submatch_int=\count272
\l__regex_submatch_int=\count273
\l__regex_zeroth_submatch_int=\count274
\g__regex_trace_regex_int=\count275
\c_empty_box=\box59
\l_tmpa_box=\box60
\l_tmpb_box=\box61
\g_tmpa_box=\box62
\g_tmpb_box=\box63
\l__box_top_dim=\dimen150
\l__box_bottom_dim=\dimen151
\l__box_left_dim=\dimen152
\l__box_right_dim=\dimen153
\l__box_top_new_dim=\dimen154
\l__box_bottom_new_dim=\dimen155
\l__box_left_new_dim=\dimen156
\l__box_right_new_dim=\dimen157
\l__box_internal_box=\box64
\l__coffin_internal_box=\box65
\l__coffin_internal_dim=\dimen158
\l__coffin_offset_x_dim=\dimen159
\l__coffin_offset_y_dim=\dimen160
\l__coffin_x_dim=\dimen161
\l__coffin_y_dim=\dimen162
\l__coffin_x_prime_dim=\dimen163
\l__coffin_y_prime_dim=\dimen164
\c_empty_coffin=\box66
\l__coffin_aligned_coffin=\box67
\l__coffin_aligned_internal_coffin=\box68
\l_tmpa_coffin=\box69
\l_tmpb_coffin=\box70
\l__coffin_display_coffin=\box71
\l__coffin_display_coord_coffin=\box72
\l__coffin_display_pole_coffin=\box73
\l__coffin_display_offset_dim=\dimen165
\l__coffin_display_x_dim=\dimen166
\l__coffin_display_y_dim=\dimen167
\l__coffin_bounding_shift_dim=\dimen168
\l__coffin_left_corner_dim=\dimen169
\l__coffin_right_corner_dim=\dimen170
\l__coffin_bottom_corner_dim=\dimen171
\l__coffin_top_corner_dim=\dimen172
\l__coffin_scaled_total_height_dim=\dimen173
\l__coffin_scaled_width_dim=\dimen174
) (/usr/local/texlive/2018/texmf-dist/tex/latex/l3kernel/l3xdvipdfmx.def
File: l3xdvidpfmx.def 2017/03/18 v L3 Experimental driver: xdvipdfmx
\g__driver_image_int=\count276
))
Package: xparse 2018/02/21 L3 Experimental document command parser
\l__xparse_current_arg_int=\count277
\g__xparse_grabber_int=\count278
\l__xparse_m_args_int=\count279
\l__xparse_mandatory_args_int=\count280
\l__xparse_v_nesting_int=\count281
)
Package: fontspec 2017/11/09 v2.6g Font selection for XeLaTeX and LuaLaTeX
(/usr/local/texlive/2018/texmf-dist/tex/latex/fontspec/fontspec-xetex.sty
Package: fontspec-xetex 2017/11/09 v2.6g Font selection for XeLaTeX and LuaLaTe
X
\l__fontspec_script_int=\count282
\l__fontspec_language_int=\count283
\l__fontspec_strnum_int=\count284
\l__fontspec_tmp_int=\count285
\l__fontspec_em_int=\count286
\l__fontspec_emdef_int=\count287
\l__fontspec_strong_int=\count288
\l__fontspec_strongdef_int=\count289
\l__fontspec_tmpa_dim=\dimen175
\l__fontspec_tmpb_dim=\dimen176
\l__fontspec_tmpc_dim=\dimen177
\g__file_internal_ior=\read1
(/usr/local/texlive/2018/texmf-dist/tex/latex/base/fontenc.sty
Package: fontenc 2017/04/05 v2.0i Standard LaTeX package
(/usr/local/texlive/2018/texmf-dist/tex/latex/base/tuenc.def
File: tuenc.def 2017/04/05 v2.0i Standard LaTeX file
LaTeX Font Info:    Redeclaring font encoding TU on input line 82.
))
.................................................
. LaTeX info: "xparse/define-command"
. 
. Defining command \fontspec with sig. 'O{}mO{}' on line 542.
.................................................
.................................................
. LaTeX info: "xparse/define-command"
. 
. Defining command \setmainfont with sig. 'O{}mO{}' on line 546.
.................................................
.................................................
. LaTeX info: "xparse/define-command"
. 
. Defining command \setsansfont with sig. 'O{}mO{}' on line 550.
.................................................
.................................................
. LaTeX info: "xparse/define-command"
. 
. Defining command \setmonofont with sig. 'O{}mO{}' on line 554.
.................................................
.................................................
. LaTeX info: "xparse/define-command"
. 
. Defining command \setmathrm with sig. 'O{}mO{}' on line 558.
.................................................
.................................................
. LaTeX info: "xparse/define-command"
. 
. Defining command \setboldmathrm with sig. 'O{}mO{}' on line 562.
.................................................
.................................................
. LaTeX info: "xparse/define-command"
. 
. Defining command \setmathsf with sig. 'O{}mO{}' on line 566.
.................................................
.................................................
. LaTeX info: "xparse/define-command"
. 
. Defining command \setmathtt with sig. 'O{}mO{}' on line 570.
.................................................
.................................................
. LaTeX info: "xparse/define-command"
. 
. Defining command \setromanfont with sig. 'O{}mO{}' on line 574.
.................................................
.................................................
. LaTeX info: "xparse/define-command"
. 
. Defining command \newfontfamily with sig. 'mO{}mO{}' on line 578.
.................................................
.................................................
. LaTeX info: "xparse/define-command"
. 
. Defining command \newfontface with sig. 'mO{}mO{}' on line 582.
.................................................
.................................................
. LaTeX info: "xparse/define-command"
. 
. Defining command \defaultfontfeatures with sig. 't+om' on line 586.
.................................................
.................................................
. LaTeX info: "xparse/define-command"
. 
. Defining command \addfontfeatures with sig. 'm' on line 590.
.................................................
.................................................
. LaTeX info: "xparse/define-command"
. 
. Defining command \addfontfeature with sig. 'm' on line 594.
.................................................
.................................................
. LaTeX info: "xparse/define-command"
. 
. Defining command \newfontfeature with sig. 'mm' on line 598.
.................................................
.................................................
. LaTeX info: "xparse/define-command"
. 
. Defining command \newAATfeature with sig. 'mmmm' on line 602.
.................................................
.................................................
. LaTeX info: "xparse/define-command"
. 
. Defining command \newopentypefeature with sig. 'mmm' on line 606.
.................................................
.................................................
. LaTeX info: "xparse/define-command"
. 
. Defining command \newICUfeature with sig. 'mmm' on line 610.
.................................................
.................................................
. LaTeX info: "xparse/define-command"
. 
. Defining command \aliasfontfeature with sig. 'mm' on line 614.
.................................................
.................................................
. LaTeX info: "xparse/define-command"
. 
. Defining command \aliasfontfeatureoption with sig. 'mmm' on line 618.
.................................................
.................................................
. LaTeX info: "xparse/define-command"
. 
. Defining command \newfontscript with sig. 'mm' on line 622.
.................................................
.................................................
. LaTeX info: "xparse/define-command"
. 
. Defining command \newfontlanguage with sig. 'mm' on line 626.
.................................................
.................................................
. LaTeX info: "xparse/define-command"
. 
. Defining command \DeclareFontsExtensions with sig. 'm' on line 630.
.................................................
.................................................
. LaTeX info: "xparse/define-command"
. 
. Defining command \IfFontFeatureActiveTF with sig. 'mmm' on line 634.
.................................................
.................................................
. LaTeX info: "xparse/define-command"
. 
. Defining command \EncodingCommand with sig. 'mO{}m' on line 3632.
.................................................
.................................................
. LaTeX info: "xparse/define-command"
. 
. Defining command \EncodingAccent with sig. 'mm' on line 3638.
.................................................
.................................................
. LaTeX info: "xparse/define-command"
. 
. Defining command \EncodingSymbol with sig. 'mm' on line 3644.
.................................................
.................................................
. LaTeX info: "xparse/define-command"
. 
. Defining command \EncodingComposite with sig. 'mmm' on line 3650.
.................................................
.................................................
. LaTeX info: "xparse/define-command"
. 
. Defining command \EncodingCompositeCommand with sig. 'mmm' on line 3656.
.................................................
.................................................
. LaTeX info: "xparse/define-command"
. 
. Defining command \DeclareUnicodeEncoding with sig. 'mm' on line 3681.
.................................................
.................................................
. LaTeX info: "xparse/define-command"
. 
. Defining command \UndeclareSymbol with sig. 'm' on line 3687.
.................................................
.................................................
. LaTeX info: "xparse/define-command"
. 
. Defining command \UndeclareAccent with sig. 'm' on line 3693.
.................................................
.................................................
. LaTeX info: "xparse/define-command"
. 
. Defining command \UndeclareCommand with sig. 'm' on line 3699.
.................................................
.................................................
. LaTeX info: "xparse/define-command"
. 
. Defining command \UndeclareComposite with sig. 'mm' on line 3706.
.................................................
(/usr/local/texlive/2018/texmf-dist/tex/latex/fontspec/fontspec.cfg)
LaTeX Info: Redefining \itshape on input line 3891.
LaTeX Info: Redefining \slshape on input line 3896.
LaTeX Info: Redefining \scshape on input line 3901.
LaTeX Info: Redefining \upshape on input line 3906.
LaTeX Info: Redefining \em on input line 3936.
LaTeX Info: Redefining \emph on input line 3961.
LaTeX Info: Redefining \- on input line 4015.
.................................................
. LaTeX info: "xparse/redefine-command"
. 
. Redefining command \oldstylenums with sig. 'm' on line 4110.
.................................................
.................................................
. LaTeX info: "xparse/define-command"
. 
. Defining command \liningnums with sig. 'm' on line 4114.
.................................................
)) (/usr/local/texlive/2018/texmf-dist/tex/latex/graphics/graphicx.sty
Package: graphicx 2017/06/01 v1.1a Enhanced LaTeX Graphics (DPC,SPQR)
(/usr/local/texlive/2018/texmf-dist/tex/latex/graphics/graphics.sty
Package: graphics 2017/06/25 v1.2c Standard LaTeX Graphics (DPC,SPQR)
(/usr/local/texlive/2018/texmf-dist/tex/latex/graphics/trig.sty
Package: trig 2016/01/03 v1.10 sin cos tan (DPC)
) (/usr/local/texlive/2018/texmf-dist/tex/latex/graphics-cfg/graphics.cfg
File: graphics.cfg 2016/06/04 v1.11 sample graphics configuration
)
Package graphics Info: Driver file: xetex.def on input line 99.
)
\Gin@req@height=\dimen178
\Gin@req@width=\dimen179
) (/usr/local/texlive/2018/texmf-dist/tex/latex/booktabs/booktabs.sty
Package: booktabs 2016/04/27 v1.618033 publication quality tables
\heavyrulewidth=\dimen180
\lightrulewidth=\dimen181
\cmidrulewidth=\dimen182
\belowrulesep=\dimen183
\belowbottomsep=\dimen184
\aboverulesep=\dimen185
\abovetopsep=\dimen186
\cmidrulesep=\dimen187
\cmidrulekern=\dimen188
\defaultaddspace=\dimen189
\@cmidla=\count290
\@cmidlb=\count291
\@aboverulesep=\dimen190
\@belowrulesep=\dimen191
\@thisruleclass=\count292
\@lastruleclass=\count293
\@thisrulewidth=\dimen192
) (/usr/local/texlive/2018/texmf-dist/tex/latex/units/units.sty
Package: units 1998/08/04 v0.9b Typesetting units
(/usr/local/texlive/2018/texmf-dist/tex/latex/units/nicefrac.sty
Package: nicefrac 1998/08/04 v0.9b Nice fractions
\L@UnitsRaiseDisplaystyle=\skip96
\L@UnitsRaiseTextstyle=\skip97
\L@UnitsRaiseScriptstyle=\skip98
)) (/usr/local/texlive/2018/texmf-dist/tex/latex/fancyvrb/fancyvrb.sty
Package: fancyvrb 2008/02/07

Style option: `fancyvrb' v2.7a, with DG/SPQR fixes, and firstline=lastline fix 
<2008/02/07> (tvz)
\FV@CodeLineNo=\count294
\FV@InFile=\read2
\FV@TabBox=\box74
\c@FancyVerbLine=\count295
\FV@StepNumber=\count296
\FV@OutFile=\write3
) (/usr/local/texlive/2018/texmf-dist/tex/latex/tools/longtable.sty
Package: longtable 2014/10/28 v4.11 Multi-page Table package (DPC)
\LTleft=\skip99
\LTright=\skip100
\LTpre=\skip101
\LTpost=\skip102
\LTchunksize=\count297
\LTcapwidth=\dimen193
\LT@head=\box75
\LT@firsthead=\box76
\LT@foot=\box77
\LT@lastfoot=\box78
\LT@cols=\count298
\LT@rows=\count299
\c@LT@tables=\count300
\c@LT@chunks=\count301
\LT@p@ftn=\toks30
) (/usr/local/texlive/2018/texmf-dist/tex/generic/ulem/ulem.sty
\UL@box=\box79
\UL@hyphenbox=\box80
\UL@skip=\skip103
\UL@hook=\toks31
\UL@height=\dimen194
\UL@pe=\count302
\UL@pixel=\dimen195
\ULC@box=\box81
Package: ulem 2012/05/18
\ULdepth=\dimen196
) (/usr/local/texlive/2018/texmf-dist/tex/latex/morefloats/morefloats.sty
Package: morefloats 2015/07/22 v1.0h Raise limit of unprocessed floats (HMM)
Package morefloats Info: Maximum number of possible floats asked for: 36
(morefloats)             (i.e. 18 more floats).
(morefloats)             LaTeX might run out of memory before this
(morefloats)             (in which case it will notify you).
)

Package hyperref Warning: Token not allowed in a PDF string (Unicode):
(hyperref)                removing `\href ' on input line 107.

(/usr/local/texlive/2018/texmf-dist/tex/latex/amscls/amsthm.sty
Package: amsthm 2017/10/31 v2.20.4
\thm@style=\toks32
\thm@bodyfont=\toks33
\thm@headfont=\toks34
\thm@notefont=\toks35
\thm@headpunct=\toks36
\thm@preskip=\skip104
\thm@postskip=\skip105
\thm@headsep=\skip106
\dth@everypar=\toks37
)
Package hyperref Info: Option `colorlinks' set `true' on input line 117.
(./R-SocioEcon-dt.aux)
\openout1 = `R-SocioEcon-dt.aux'.

LaTeX Font Info:    Checking defaults for OML/cmm/m/it on input line 126.
LaTeX Font Info:    ... okay on input line 126.
LaTeX Font Info:    Checking defaults for T1/cmr/m/n on input line 126.
LaTeX Font Info:    ... okay on input line 126.
LaTeX Font Info:    Checking defaults for OT1/cmr/m/n on input line 126.
LaTeX Font Info:    ... okay on input line 126.
LaTeX Font Info:    Checking defaults for OMS/cmsy/m/n on input line 126.
LaTeX Font Info:    ... okay on input line 126.
LaTeX Font Info:    Checking defaults for TU/lmr/m/n on input line 126.
LaTeX Font Info:    ... okay on input line 126.
LaTeX Font Info:    Checking defaults for OMX/cmex/m/n on input line 126.
LaTeX Font Info:    ... okay on input line 126.
LaTeX Font Info:    Checking defaults for U/cmr/m/n on input line 126.
LaTeX Font Info:    ... okay on input line 126.
LaTeX Font Info:    Checking defaults for PD1/pdf/m/n on input line 126.
LaTeX Font Info:    ... okay on input line 126.
LaTeX Font Info:    Checking defaults for PU/pdf/m/n on input line 126.
LaTeX Font Info:    ... okay on input line 126.
\AtBeginShipoutBox=\box82
Package hyperref Info: Link coloring ON on input line 126.
(/usr/local/texlive/2018/texmf-dist/tex/latex/hyperref/nameref.sty
Package: nameref 2016/05/21 v2.44 Cross-referencing by name of section
(/usr/local/texlive/2018/texmf-dist/tex/generic/oberdiek/gettitlestring.sty
Package: gettitlestring 2016/05/16 v1.5 Cleanup title references (HO)
)
\c@section@level=\count303
)
LaTeX Info: Redefining \ref on input line 126.
LaTeX Info: Redefining \pageref on input line 126.
LaTeX Info: Redefining \nameref on input line 126.
(./R-SocioEcon-dt.out) (./R-SocioEcon-dt.out)
\@outlinefile=\write4
\openout4 = `R-SocioEcon-dt.out'.

ABD: EverySelectfont initializing macros
LaTeX Info: Redefining \selectfont on input line 126.
*geometry* driver: auto-detecting
*geometry* detected driver: xetex
*geometry* verbose mode - [ preamble ] result:
* driver: xetex
* paper: letterpaper
* layout: <same size as paper>
* layoutoffset:(h,v)=(0.0pt,0.0pt)
* modes: twoside asymmetric 
* h-part:(L,W,R)=(72.26999pt, 312.0pt, 230.02501pt)
* v-part:(T,H,B)=(72.26999pt, 616.0pt, 106.7pt)
* \paperwidth=614.295pt
* \paperheight=794.96999pt
* \textwidth=312.0pt
* \textheight=616.0pt
* \oddsidemargin=0.0pt
* \evensidemargin=0.0pt
* \topmargin=-42.0pt
* \headheight=14.0pt
* \headsep=28.0pt
* \topskip=10.0pt
* \footskip=25.29494pt
* \marginparwidth=144.0pt
* \marginparsep=24.0pt
* \columnsep=10.0pt
* \skip\footins=9.0pt plus 4.0pt minus 2.0pt
* \hoffset=0.0pt
* \voffset=0.0pt
* \mag=1000
* \@twocolumnfalse
* \@twosidetrue
* \@mparswitchfalse
* \@reversemarginfalse
* (1in=72.27pt=25.4mm, 1cm=28.453pt)

.................................................
. fontspec info: "setup-math"
. 
. Adjusting the maths setup (use [no-math] to avoid this).
.................................................
\symlegacymaths=\mathgroup6
LaTeX Font Info:    Overwriting symbol font `legacymaths' in version `bold'
(Font)                  OT1/cmr/m/n --> OT1/cmr/bx/n on input line 126.
LaTeX Font Info:    Redeclaring math accent \acute on input line 126.
LaTeX Font Info:    Redeclaring math accent \grave on input line 126.
LaTeX Font Info:    Redeclaring math accent \ddot on input line 126.
LaTeX Font Info:    Redeclaring math accent \tilde on input line 126.
LaTeX Font Info:    Redeclaring math accent \bar on input line 126.
LaTeX Font Info:    Redeclaring math accent \breve on input line 126.
LaTeX Font Info:    Redeclaring math accent \check on input line 126.
LaTeX Font Info:    Redeclaring math accent \hat on input line 126.
LaTeX Font Info:    Redeclaring math accent \dot on input line 126.
LaTeX Font Info:    Redeclaring math accent \mathring on input line 126.
LaTeX Font Info:    Redeclaring math symbol \Gamma on input line 126.
LaTeX Font Info:    Redeclaring math symbol \Delta on input line 126.
LaTeX Font Info:    Redeclaring math symbol \Theta on input line 126.
LaTeX Font Info:    Redeclaring math symbol \Lambda on input line 126.
LaTeX Font Info:    Redeclaring math symbol \Xi on input line 126.
LaTeX Font Info:    Redeclaring math symbol \Pi on input line 126.
LaTeX Font Info:    Redeclaring math symbol \Sigma on input line 126.
LaTeX Font Info:    Redeclaring math symbol \Upsilon on input line 126.
LaTeX Font Info:    Redeclaring math symbol \Phi on input line 126.
LaTeX Font Info:    Redeclaring math symbol \Psi on input line 126.
LaTeX Font Info:    Redeclaring math symbol \Omega on input line 126.
LaTeX Font Info:    Redeclaring math symbol \mathdollar on input line 126.
LaTeX Font Info:    Redeclaring symbol font `operators' on input line 126.
LaTeX Font Info:    Encoding `OT1' has changed to `TU' for symbol font
(Font)              `operators' in the math version `normal' on input line 126.

LaTeX Font Info:    Overwriting symbol font `operators' in version `normal'
(Font)                  OT1/cmr/m/n --> TU/lmr/m/n on input line 126.
LaTeX Font Info:    Encoding `OT1' has changed to `TU' for symbol font
(Font)              `operators' in the math version `bold' on input line 126.
LaTeX Font Info:    Overwriting symbol font `operators' in version `bold'
(Font)                  OT1/cmr/bx/n --> TU/lmr/m/n on input line 126.
LaTeX Font Info:    Overwriting symbol font `operators' in version `normal'
(Font)                  TU/lmr/m/n --> TU/lmr/m/n on input line 126.
LaTeX Font Info:    Overwriting math alphabet `\mathit' in version `normal'
(Font)                  OT1/cmr/m/it --> TU/lmr/m/it on input line 126.
LaTeX Font Info:    Overwriting math alphabet `\mathbf' in version `normal'
(Font)                  OT1/cmr/bx/n --> TU/lmr/bx/n on input line 126.
LaTeX Font Info:    Overwriting math alphabet `\mathsf' in version `normal'
(Font)                  OT1/cmss/m/n --> TU/lmss/m/n on input line 126.
LaTeX Font Info:    Overwriting math alphabet `\mathtt' in version `normal'
(Font)                  OT1/cmtt/m/n --> TU/lmtt/m/n on input line 126.
LaTeX Font Info:    Overwriting symbol font `operators' in version `bold'
(Font)                  TU/lmr/m/n --> TU/lmr/bx/n on input line 126.
LaTeX Font Info:    Overwriting math alphabet `\mathit' in version `bold'
(Font)                  OT1/cmr/bx/it --> TU/lmr/bx/it on input line 126.
LaTeX Font Info:    Overwriting math alphabet `\mathsf' in version `bold'
(Font)                  OT1/cmss/bx/n --> TU/lmss/bx/n on input line 126.
LaTeX Font Info:    Overwriting math alphabet `\mathtt' in version `bold'
(Font)                  OT1/cmtt/m/n --> TU/lmtt/bx/n on input line 126.
*************************************************
* fontspec warning: "addfontfeatures-ignored"
* 
* \addfontfeature(s) ignored on line 128; it cannot be used with a font that
* wasn't selected by a fontspec command.
*  
*  The current font is "\TU/lmss/m/n/18 ".
*   The requested feature is "LetterSpace=15". 
*************************************************
*************************************************
* fontspec warning: "addfontfeatures-ignored"
* 
* \addfontfeature(s) ignored on line 128; it cannot be used with a font that
* wasn't selected by a fontspec command.
*  
*  The current font is "\TU/lmss/m/n/36 ".
*   The requested feature is "LetterSpace=15". 
*************************************************

Overfull \hbox (49.27202pt too wide) in paragraph at lines 128--128
[]\TU/lmss/m/n/36 R FÜR DIE SOZIO-ÖKONOMISCHE 
 []

*************************************************
* fontspec warning: "addfontfeatures-ignored"
* 
* \addfontfeature(s) ignored on line 128; it cannot be used with a font that
* wasn't selected by a fontspec command.
*  
*  The current font is "\TU/lmss/m/n/14 ".
*   The requested feature is "LetterSpace=15". 
*************************************************
[1


] [2


] (./R-SocioEcon-dt.toc [3])
\tf@toc=\write5
\openout5 = `R-SocioEcon-dt.toc'.

*************************************************
* fontspec warning: "addfontfeatures-ignored"
* 
* \addfontfeature(s) ignored on line 137; it cannot be used with a font that
* wasn't selected by a fontspec command.
*  
*  The current font is "\TU/lmr/m/n/10 ".
*   The requested feature is "LetterSpace=10". 
*************************************************
[4]
Overfull \hbox (3.66002pt too wide) in paragraph at lines 140--144
\TU/lmr/m/n/10 im Master “Sozioökonomie” an der Universität Duisburg-Essen geda
cht.  
 []


Overfull \hbox (8.98114pt too wide) in paragraph at lines 221--223
\TU/lmr/m/n/10 Anwendungsmöglichkeiten|  
 []

[5

]
File: figures/license.png Graphic file (type bmp)
<figures/license.png>
*************************************************
* fontspec warning: "addfontfeatures-ignored"
* 
* \addfontfeature(s) ignored on line 272; it cannot be used with a font that
* wasn't selected by a fontspec command.
*  
*  The current font is "\TU/lmr/m/n/10 ".
*   The requested feature is "LetterSpace=10". 
*************************************************
[6]
Chapter 1.
[7

]
Overfull \hbox (2.15004pt too wide) in paragraph at lines 354--356
[]\TU/lmr/m/n/10 Für besondere Aufgaben ist es recht einfach R mit high-perform
ance 
 []

*************************************************
* fontspec warning: "addfontfeatures-ignored"
* 
* \addfontfeature(s) ignored on line 369; it cannot be used with a font that
* wasn't selected by a fontspec command.
*  
*  The current font is "\TU/lmr/m/n/10 ".
*   The requested feature is "LetterSpace=10". 
*************************************************
[8]
LaTeX Font Info:    Try loading font information for U+msa on input line 410.
(/usr/local/texlive/2018/texmf-dist/tex/latex/amsfonts/umsa.fd
File: umsa.fd 2013/01/14 v3.01 AMS symbols A
)
LaTeX Font Info:    Try loading font information for U+msb on input line 410.
(/usr/local/texlive/2018/texmf-dist/tex/latex/amsfonts/umsb.fd
File: umsb.fd 2013/01/14 v3.01 AMS symbols B
)

LaTeX Warning: Marginpar on page 9 moved.

*************************************************
* fontspec warning: "addfontfeatures-ignored"
* 
* \addfontfeature(s) ignored on line 438; it cannot be used with a font that
* wasn't selected by a fontspec command.
*  
*  The current font is "\TU/lmr/m/n/10 ".
*   The requested feature is "LetterSpace=10". 
*************************************************
[9]
*************************************************
* fontspec warning: "addfontfeatures-ignored"
* 
* \addfontfeature(s) ignored on line 445; it cannot be used with a font that
* wasn't selected by a fontspec command.
*  
*  The current font is "\TU/lmr/m/n/10 ".
*   The requested feature is "LetterSpace=10". 
*************************************************
[10]
Chapter 2.
File: figures/r-studio-light-marked.png Graphic file (type bmp)
<figures/r-studio-light-marked.png>

Underfull \vbox (badness 10000) has occurred while \output is active []

[11

]
*************************************************
* fontspec warning: "addfontfeatures-ignored"
* 
* \addfontfeature(s) ignored on line 511; it cannot be used with a font that
* wasn't selected by a fontspec command.
*  
*  The current font is "\TU/lmr/m/n/10 ".
*   The requested feature is "LetterSpace=10". 
*************************************************
[12]
*************************************************
* fontspec warning: "addfontfeatures-ignored"
* 
* \addfontfeature(s) ignored on line 575; it cannot be used with a font that
* wasn't selected by a fontspec command.
*  
*  The current font is "\TU/lmr/m/n/10 ".
*   The requested feature is "LetterSpace=10". 
*************************************************
[13]
Overfull \hbox (150.0pt too wide) in paragraph at lines 578--578
[]\TU/lmtt/m/n/10 #> [1] "/Users/claudius/work-claudius/general/paper-projects/
packages/SocioEconMethodsR"[] 
 []


Overfull \hbox (197.25pt too wide) in paragraph at lines 585--585
[]\TU/lmtt/m/n/10 #> [1] "/Users/claudius/work-claudius/general/paper-projects/
packages/SocioEconMethodsR/test.pdf"[] 
 []


Overfull \hbox (197.25pt too wide) in paragraph at lines 599--599
[]\TU/lmtt/m/n/10 #> [1] "/Users/claudius/work-claudius/general/paper-projects/
packages/SocioEconMethodsR/test.pdf"[] 
 []


Overfull \hbox (3.40741pt too wide) in paragraph at lines 623--623
|[]\TU/lmr/m/it/10.95 Schritt 2: Ein R-Studio Projekt im Projektordner erstelle
n| 
 []

*************************************************
* fontspec warning: "addfontfeatures-ignored"
* 
* \addfontfeature(s) ignored on line 630; it cannot be used with a font that
* wasn't selected by a fontspec command.
*  
*  The current font is "\TU/lmr/m/n/10 ".
*   The requested feature is "LetterSpace=10". 
*************************************************
[14]
File: figures/r-studio-new-project.png Graphic file (type bmp)
<figures/r-studio-new-project.png>
File: figures/r-studio-new-project-exis-dir.png Graphic file (type bmp)
<figures/r-studio-new-project-exis-dir.png>
File: figures/r-studio-new-project-new-dir.png Graphic file (type bmp)
<figures/r-studio-new-project-new-dir.png>

Underfull \vbox (badness 5417) has occurred while \output is active []

*************************************************
* fontspec warning: "addfontfeatures-ignored"
* 
* \addfontfeature(s) ignored on line 651; it cannot be used with a font that
* wasn't selected by a fontspec command.
*  
*  The current font is "\TU/lmr/m/n/10 ".
*   The requested feature is "LetterSpace=10". 
*************************************************
[15]
*************************************************
* fontspec warning: "addfontfeatures-ignored"
* 
* \addfontfeature(s) ignored on line 704; it cannot be used with a font that
* wasn't selected by a fontspec command.
*  
*  The current font is "\TU/lmr/m/n/10 ".
*   The requested feature is "LetterSpace=10". 
*************************************************
[16]
Missing character: There is no │ in font [lmmono10-regular]:!
Missing character: There is no │ in font [lmmono10-regular]:!
Missing character: There is no │ in font [lmmono10-regular]:!
Missing character: There is no │ in font [lmmono10-regular]:!
Missing character: There is no │ in font [lmmono10-regular]:!
Missing character: There is no │ in font [lmmono10-regular]:!
Missing character: There is no │ in font [lmmono10-regular]:!
*************************************************
* fontspec warning: "addfontfeatures-ignored"
* 
* \addfontfeature(s) ignored on line 752; it cannot be used with a font that
* wasn't selected by a fontspec command.
*  
*  The current font is "\TU/lmr/m/n/10 ".
*   The requested feature is "LetterSpace=10". 
*************************************************
[17]
*************************************************
* fontspec warning: "addfontfeatures-ignored"
* 
* \addfontfeature(s) ignored on line 764; it cannot be used with a font that
* wasn't selected by a fontspec command.
*  
*  The current font is "\TU/lmr/m/n/10 ".
*   The requested feature is "LetterSpace=10". 
*************************************************
[18]
Chapter 3.
[19

]
Overfull \hbox (11.64001pt too wide) in paragraph at lines 850--855
[]\TU/lmr/m/n/10 Die Berechnungen, die wir bisland durchgeführt haben sind zuge
geben- 
 []

*************************************************
* fontspec warning: "addfontfeatures-ignored"
* 
* \addfontfeature(s) ignored on line 893; it cannot be used with a font that
* wasn't selected by a fontspec command.
*  
*  The current font is "\TU/lmr/m/n/10 ".
*   The requested feature is "LetterSpace=10". 
*************************************************
[20]
LaTeX Font Info:    Font shape `TU/lmtt/bx/n' in size <10> not available
(Font)              Font shape `TU/lmtt/b/n' tried instead on input line 908.

LaTeX Warning: Marginpar on page 21 moved.


Overfull \hbox (45.0pt too wide) in paragraph at lines 978--978
[]\TU/lmtt/m/n/10 #> Error in TRUE <- 5: invalid (do_set) left-hand side to ass
ignment[] 
 []


Overfull \hbox (8.17003pt too wide) in paragraph at lines 985--989
[]\TU/lmr/m/n/10 Namen sollten kurz und informativ sein; entsprechen ist \TU/lm
tt/m/n/10 sample_mean 
 []

*************************************************
* fontspec warning: "addfontfeatures-ignored"
* 
* \addfontfeature(s) ignored on line 996; it cannot be used with a font that
* wasn't selected by a fontspec command.
*  
*  The current font is "\TU/lmr/m/n/10 ".
*   The requested feature is "LetterSpace=10". 
*************************************************
[21]
Overfull \hbox (17.28302pt too wide) in paragraph at lines 999--1003
[]\TU/lmr/bx/n/9 Hinweis\TU/lmr/m/n/9 : Alle aktuellen Namenszuweisungen sind i
m Bereich \TU/lmtt/m/n/9 Environment 
 []

*************************************************
* fontspec warning: "addfontfeatures-ignored"
* 
* \addfontfeature(s) ignored on line 1112; it cannot be used with a font that
* wasn't selected by a fontspec command.
*  
*  The current font is "\TU/lmr/m/n/10 ".
*   The requested feature is "LetterSpace=10". 
*************************************************
[22]

LaTeX Warning: Marginpar on page 23 moved.

*************************************************
* fontspec warning: "addfontfeatures-ignored"
* 
* \addfontfeature(s) ignored on line 1169; it cannot be used with a font that
* wasn't selected by a fontspec command.
*  
*  The current font is "\TU/lmr/m/n/10 ".
*   The requested feature is "LetterSpace=10". 
*************************************************
[23]
Overfull \hbox (12.54002pt too wide) in paragraph at lines 1196--1203
\TU/lmr/m/it/10 Form\TU/lmr/m/n/10 . Hier wird der Funktionsname zwischen die A
rgumente geschrieben. 
 []

*************************************************
* fontspec warning: "addfontfeatures-ignored"
* 
* \addfontfeature(s) ignored on line 1254; it cannot be used with a font that
* wasn't selected by a fontspec command.
*  
*  The current font is "\TU/lmr/m/n/10 ".
*   The requested feature is "LetterSpace=10". 
*************************************************
[24]

LaTeX Warning: Marginpar on page 25 moved.


LaTeX Warning: Marginpar on page 25 moved.

*************************************************
* fontspec warning: "addfontfeatures-ignored"
* 
* \addfontfeature(s) ignored on line 1327; it cannot be used with a font that
* wasn't selected by a fontspec command.
*  
*  The current font is "\TU/lmr/m/n/10 ".
*   The requested feature is "LetterSpace=10". 
*************************************************
[25]
Overfull \hbox (15.23001pt too wide) in paragraph at lines 1345--1350
\TU/lmr/m/n/10 Kommentaren erfolgen, ich empfehle jedoch sofort sich die [][]hi
er beschriebe- 
 []

*************************************************
* fontspec warning: "addfontfeatures-ignored"
* 
* \addfontfeature(s) ignored on line 1392; it cannot be used with a font that
* wasn't selected by a fontspec command.
*  
*  The current font is "\TU/lmr/m/n/10 ".
*   The requested feature is "LetterSpace=10". 
*************************************************
[26]

LaTeX Warning: Marginpar on page 27 moved.


Overfull \hbox (4.47002pt too wide) in paragraph at lines 1440--1443
[]\TU/lmr/m/n/10 Dezimalzahlen \TU/lmtt/m/n/10 double\TU/lmr/m/n/10 : auch das 
sollte selbsterklärend sein; Beispiele 
 []

*************************************************
* fontspec warning: "addfontfeatures-ignored"
* 
* \addfontfeature(s) ignored on line 1457; it cannot be used with a font that
* wasn't selected by a fontspec command.
*  
*  The current font is "\TU/lmr/m/n/10 ".
*   The requested feature is "LetterSpace=10". 
*************************************************
[27]
File: figures/vector-classification.pdf Graphic file (type pdf)
<use figures/vector-classification.pdf>
*************************************************
* fontspec warning: "addfontfeatures-ignored"
* 
* \addfontfeature(s) ignored on line 1536; it cannot be used with a font that
* wasn't selected by a fontspec command.
*  
*  The current font is "\TU/lmr/m/n/10 ".
*   The requested feature is "LetterSpace=10". 
*************************************************
[28]
Overfull \hbox (1.47002pt too wide) in paragraph at lines 1563--1567
\TU/lmr/m/n/10 ialen Transformationen: \TU/lmtt/m/n/10 logical \TU/lmr/m/n/10 →
 \TU/lmtt/m/n/10 integer \TU/lmr/m/n/10 → \TU/lmtt/m/n/10 double \TU/lmr/m/n/10
 → \TU/lmtt/m/n/10 character\TU/lmr/m/n/10 , 
 []

*************************************************
* fontspec warning: "addfontfeatures-ignored"
* 
* \addfontfeature(s) ignored on line 1629; it cannot be used with a font that
* wasn't selected by a fontspec command.
*  
*  The current font is "\TU/lmr/m/n/10 ".
*   The requested feature is "LetterSpace=10". 
*************************************************
[29]
Underfull \vbox (badness 10000) has occurred while \output is active []

*************************************************
* fontspec warning: "addfontfeatures-ignored"
* 
* \addfontfeature(s) ignored on line 1702; it cannot be used with a font that
* wasn't selected by a fontspec command.
*  
*  The current font is "\TU/lmr/m/n/10 ".
*   The requested feature is "LetterSpace=10". 
*************************************************
[30]
Overfull \hbox (1.17001pt too wide) in paragraph at lines 1742--1747
\TU/lmr/m/n/10 beschriebenen Hierachie \TU/lmtt/m/n/10 logical \TU/lmr/m/n/10 →
 \TU/lmtt/m/n/10 integer \TU/lmr/m/n/10 → \TU/lmtt/m/n/10 double \TU/lmr/m/n/10
 → \TU/lmtt/m/n/10 character\TU/lmr/m/n/10 . 
 []

*************************************************
* fontspec warning: "addfontfeatures-ignored"
* 
* \addfontfeature(s) ignored on line 1794; it cannot be used with a font that
* wasn't selected by a fontspec command.
*  
*  The current font is "\TU/lmr/m/n/10 ".
*   The requested feature is "LetterSpace=10". 
*************************************************
[31]
*************************************************
* fontspec warning: "addfontfeatures-ignored"
* 
* \addfontfeature(s) ignored on line 1870; it cannot be used with a font that
* wasn't selected by a fontspec command.
*  
*  The current font is "\TU/lmr/m/n/10 ".
*   The requested feature is "LetterSpace=10". 
*************************************************
[32]
*************************************************
* fontspec warning: "addfontfeatures-ignored"
* 
* \addfontfeature(s) ignored on line 1952; it cannot be used with a font that
* wasn't selected by a fontspec command.
*  
*  The current font is "\TU/lmr/m/n/10 ".
*   The requested feature is "LetterSpace=10". 
*************************************************
[33]
*************************************************
* fontspec warning: "addfontfeatures-ignored"
* 
* \addfontfeature(s) ignored on line 2030; it cannot be used with a font that
* wasn't selected by a fontspec command.
*  
*  The current font is "\TU/lmr/m/n/10 ".
*   The requested feature is "LetterSpace=10". 
*************************************************
[34]
Overfull \hbox (5.80002pt too wide) in paragraph at lines 2094--2096
[]\TU/lmr/m/n/10 Negative Indizes sind auch möglich, diese eliminieren die ents
prechen- 
 []

*************************************************
* fontspec warning: "addfontfeatures-ignored"
* 
* \addfontfeature(s) ignored on line 2129; it cannot be used with a font that
* wasn't selected by a fontspec command.
*  
*  The current font is "\TU/lmr/m/n/10 ".
*   The requested feature is "LetterSpace=10". 
*************************************************
[35]

LaTeX Warning: Marginpar on page 36 moved.

*************************************************
* fontspec warning: "addfontfeatures-ignored"
* 
* \addfontfeature(s) ignored on line 2224; it cannot be used with a font that
* wasn't selected by a fontspec command.
*  
*  The current font is "\TU/lmr/m/n/10 ".
*   The requested feature is "LetterSpace=10". 
*************************************************
[36]
*************************************************
* fontspec warning: "addfontfeatures-ignored"
* 
* \addfontfeature(s) ignored on line 2340; it cannot be used with a font that
* wasn't selected by a fontspec command.
*  
*  The current font is "\TU/lmr/m/n/10 ".
*   The requested feature is "LetterSpace=10". 
*************************************************
[37]
*************************************************
* fontspec warning: "addfontfeatures-ignored"
* 
* \addfontfeature(s) ignored on line 2437; it cannot be used with a font that
* wasn't selected by a fontspec command.
*  
*  The current font is "\TU/lmr/m/n/10 ".
*   The requested feature is "LetterSpace=10". 
*************************************************
[38]
*************************************************
* fontspec warning: "addfontfeatures-ignored"
* 
* \addfontfeature(s) ignored on line 2535; it cannot be used with a font that
* wasn't selected by a fontspec command.
*  
*  The current font is "\TU/lmr/m/n/10 ".
*   The requested feature is "LetterSpace=10". 
*************************************************
[39]
*************************************************
* fontspec warning: "addfontfeatures-ignored"
* 
* \addfontfeature(s) ignored on line 2605; it cannot be used with a font that
* wasn't selected by a fontspec command.
*  
*  The current font is "\TU/lmr/m/n/10 ".
*   The requested feature is "LetterSpace=10". 
*************************************************
[40]
*************************************************
* fontspec warning: "addfontfeatures-ignored"
* 
* \addfontfeature(s) ignored on line 2692; it cannot be used with a font that
* wasn't selected by a fontspec command.
*  
*  The current font is "\TU/lmr/m/n/10 ".
*   The requested feature is "LetterSpace=10". 
*************************************************
[41]

LaTeX Warning: Marginpar on page 42 moved.


LaTeX Warning: Marginpar on page 42 moved.


LaTeX Warning: Marginpar on page 42 moved.

*************************************************
* fontspec warning: "addfontfeatures-ignored"
* 
* \addfontfeature(s) ignored on line 2772; it cannot be used with a font that
* wasn't selected by a fontspec command.
*  
*  The current font is "\TU/lmr/m/n/10 ".
*   The requested feature is "LetterSpace=10". 
*************************************************
[42]
*************************************************
* fontspec warning: "addfontfeatures-ignored"
* 
* \addfontfeature(s) ignored on line 2861; it cannot be used with a font that
* wasn't selected by a fontspec command.
*  
*  The current font is "\TU/lmr/m/n/10 ".
*   The requested feature is "LetterSpace=10". 
*************************************************
[43]

LaTeX Warning: Marginpar on page 44 moved.


Overfull \hbox (9.86pt too wide) in paragraph at lines 2913--2918
\TU/lmr/m/n/10 Version des \TU/lmtt/m/n/10 data.frame\TU/lmr/m/n/10 , der \TU/l
mtt/m/n/10 data.table\TU/lmr/m/n/10 . Wir können einen \TU/lmtt/m/n/10 data.fra
me 
 []


Overfull \hbox (0.26001pt too wide) in paragraph at lines 2913--2918
\TU/lmr/m/n/10 mit Hilfe der Funktion \TU/lmtt/m/n/10 as.data.table() \TU/lmr/m
/n/10 in einen \TU/lmtt/m/n/10 data.table \TU/lmr/m/n/10 umwan- 
 []

*************************************************
* fontspec warning: "addfontfeatures-ignored"
* 
* \addfontfeature(s) ignored on line 2918; it cannot be used with a font that
* wasn't selected by a fontspec command.
*  
*  The current font is "\TU/lmr/m/n/10 ".
*   The requested feature is "LetterSpace=10". 
*************************************************
[44]
Overfull \hbox (50.25pt too wide) in paragraph at lines 2931--2931
[]\TU/lmtt/m/n/10 #> Error in as.data.table(x): could not find function "as.dat
a.table"[] 
 []


Overfull \hbox (2.11pt too wide) in paragraph at lines 2933--2936
[]\TU/lmr/m/n/10 Wir haben zwei Möglichkeiten auf die Objekte im Paket \TU/lmtt
/m/n/10 data.table 
 []

*************************************************
* fontspec warning: "addfontfeatures-ignored"
* 
* \addfontfeature(s) ignored on line 2987; it cannot be used with a font that
* wasn't selected by a fontspec command.
*  
*  The current font is "\TU/lmr/m/n/10 ".
*   The requested feature is "LetterSpace=10". 
*************************************************
[45]
Overfull \hbox (3.0pt too wide) in paragraph at lines 3018--3018
[]\TU/lmtt/m/n/10 #> The following object is masked from 'package:data.table':[
] 
 []


Overfull \hbox (76.5pt too wide) in paragraph at lines 3072--3072
[]\TU/lmtt/m/n/10 #>         return(with_order(order_by, lead, x, n = n, defaul
t = default))[] 
 []

*************************************************
* fontspec warning: "addfontfeatures-ignored"
* 
* \addfontfeature(s) ignored on line 3072; it cannot be used with a font that
* wasn't selected by a fontspec command.
*  
*  The current font is "\TU/lmr/m/n/10 ".
*   The requested feature is "LetterSpace=10". 
*************************************************
[46]
Overfull \hbox (34.5pt too wide) in paragraph at lines 3072--3072
[]\TU/lmtt/m/n/10 #>         bad_args("n", "must be a nonnegative integer scala
r, ",[] 
 []


Overfull \hbox (29.25pt too wide) in paragraph at lines 3072--3072
[]\TU/lmtt/m/n/10 #>             "not {friendly_type_of(n)} of length {length(n
)}")[] 
 []

*************************************************
* fontspec warning: "addfontfeatures-ignored"
* 
* \addfontfeature(s) ignored on line 3121; it cannot be used with a font that
* wasn't selected by a fontspec command.
*  
*  The current font is "\TU/lmr/m/n/10 ".
*   The requested feature is "LetterSpace=10". 
*************************************************
[47]
Missing character: There is no │ in font [lmmono10-regular]:!
Missing character: There is no │ in font [lmmono10-regular]:!
Missing character: There is no │ in font [lmmono10-regular]:!
Missing character: There is no │ in font [lmmono10-regular]:!
Missing character: There is no │ in font [lmmono10-regular]:!
Missing character: There is no │ in font [lmmono10-regular]:!
Missing character: There is no │ in font [lmmono10-regular]:!

LaTeX Warning: Marginpar on page 48 moved.

*************************************************
* fontspec warning: "addfontfeatures-ignored"
* 
* \addfontfeature(s) ignored on line 3186; it cannot be used with a font that
* wasn't selected by a fontspec command.
*  
*  The current font is "\TU/lmr/m/n/10 ".
*   The requested feature is "LetterSpace=10". 
*************************************************
[48]
*************************************************
* fontspec warning: "addfontfeatures-ignored"
* 
* \addfontfeature(s) ignored on line 3231; it cannot be used with a font that
* wasn't selected by a fontspec command.
*  
*  The current font is "\TU/lmr/m/n/10 ".
*   The requested feature is "LetterSpace=10". 
*************************************************
[49] [50

]
Appendix A.
[51] [52

]
Appendix B.
(./R-SocioEcon-dt.bbl [53] [54

]
Appendix C.
)
Package atveryend Info: Empty hook `BeforeClearDocument' on input line 3252.
[55]
Package atveryend Info: Empty hook `AfterLastShipout' on input line 3252.
(./R-SocioEcon-dt.aux)
Package atveryend Info: Empty hook `AtVeryEndDocument' on input line 3252.
Package atveryend Info: Executing hook `AtEndAfterFileList' on input line 3252.

Package rerunfilecheck Info: File `R-SocioEcon-dt.out' has not changed.
(rerunfilecheck)             Checksum: 13AA2E6A4646909CCA96EFEB124A7E44.
Package atveryend Info: Empty hook `AtVeryVeryEnd' on input line 3252.
 ) 
Here is how much of TeX's memory you used:
 22873 strings out of 492970
 418160 string characters out of 6133938
 556689 words of memory out of 5000000
 26591 multiletter control sequences out of 15000+600000
 540392 words of font info for 90 fonts, out of 8000000 for 9000
 1348 hyphenation exceptions out of 8191
 40i,12n,59p,10411b,493s stack positions out of 5000i,500n,10000p,200000b,80000s

Output written on R-SocioEcon-dt.pdf (55 pages).
